<?xml version="1.0" encoding="UTF-8"?>
<!-- Generated by org.testng.reporters.JUnitReportReporter -->
<testsuite hostname="DESKTOP-MSSFI2A" failures="0" tests="1" name="runnerPackage.testRunner" time="59.951" errors="0" timestamp="2024-08-31T23:40:47 SAST" skipped="0">
  <testcase classname="runnerPackage.testRunner" name="runScenario" time="59.951"/>
  <system-out/>
</testsuite> <!-- runnerPackage.testRunner -->
